build/intermediates/manifest_merge_blame_file/release/manifest-merger-blame-release-report.txt
1<?xml version="1.0" encoding="utf-8"?>
2<manifest xmlns:android="http://schemas.android.com/apk/res/android"
3    package="com.sabiantools" >
4
5    <uses-sdk
6        android:minSdkVersion="15"
6-->src/main/AndroidManifest.xml
7        android:targetSdkVersion="28" />
7-->src/main/AndroidManifest.xml
8
9    <uses-permission android:name="android.permission.ACCESS_NETWORK_STATE" />
9-->src/main/AndroidManifest.xml:5:5-79
9-->src/main/AndroidManifest.xml:5:22-76
10
11    <application
11-->src/main/AndroidManifest.xml:6:5-11:19
12        android:allowBackup="true"
12-->src/main/AndroidManifest.xml:7:9-35
13        android:label="@string/app_name"
13-->src/main/AndroidManifest.xml:8:9-41
14        android:supportsRtl="true" >
14-->src/main/AndroidManifest.xml:9:9-35
15    </application>
16
17</manifest>